<?xml version="1.0" encoding="UTF-8" ?>
<testsuites name="vitest tests" tests="31" failures="0" errors="0" time="0.244">
    <testsuite name="test/qmd/adapter.test.ts" timestamp="2026-03-20T05:30:34.940Z" hostname="Beomsuui-MacBookPro.local" tests="3" failures="0" errors="0" skipped="0" time="0.00480475">
        <testcase classname="test/qmd/adapter.test.ts" name="QmdProcessAdapter &gt; resolves the collection whose path matches the current vault" time="0.001777542">
        </testcase>
        <testcase classname="test/qmd/adapter.test.ts" name="QmdProcessAdapter &gt; launches node explicitly for a node-backed qmd binary" time="0.0017465">
        </testcase>
        <testcase classname="test/qmd/adapter.test.ts" name="QmdProcessAdapter &gt; reports configured and resolved paths when an explicit binary is missing" time="0.000829">
        </testcase>
    </testsuite>
    <testsuite name="test/qmd/auto-sync.test.ts" timestamp="2026-03-20T05:30:34.940Z" hostname="Beomsuui-MacBookPro.local" tests="3" failures="0" errors="0" skipped="0" time="0.003703083">
        <testcase classname="test/qmd/auto-sync.test.ts" name="AutoSyncController &gt; debounces repeated dirty events into one update/embed run" time="0.001688458">
        </testcase>
        <testcase classname="test/qmd/auto-sync.test.ts" name="AutoSyncController &gt; runs exactly one follow-up pass when changes arrive during an active sync" time="0.000682125">
        </testcase>
        <testcase classname="test/qmd/auto-sync.test.ts" name="AutoSyncController &gt; does not run embed when update fails" time="0.000847459">
        </testcase>
    </testsuite>
    <testsuite name="test/qmd/parser.test.ts" timestamp="2026-03-20T05:30:34.941Z" hostname="Beomsuui-MacBookPro.local" tests="6" failures="0" errors="0" skipped="0" time="0.002875">
        <testcase classname="test/qmd/parser.test.ts" name="qmd parser helpers &gt; parses collection list output" time="0.000847917">
        </testcase>
        <testcase classname="test/qmd/parser.test.ts" name="qmd parser helpers &gt; parses collection show output" time="0.000315083">
        </testcase>
        <testcase classname="test/qmd/parser.test.ts" name="qmd parser helpers &gt; parses qmd json search results" time="0.00020325">
        </testcase>
        <testcase classname="test/qmd/parser.test.ts" name="qmd parser helpers &gt; maps qmd virtual paths back to vault-relative paths" time="0.000196708">
        </testcase>
        <testcase classname="test/qmd/parser.test.ts" name="qmd parser helpers &gt; formats snippets for display" time="0.000399291">
        </testcase>
        <testcase classname="test/qmd/parser.test.ts" name="qmd parser helpers &gt; validates structured query documents" time="0.000228875">
        </testcase>
    </testsuite>
    <testsuite name="test/qmd/path-resolver.test.ts" timestamp="2026-03-20T05:30:34.941Z" hostname="Beomsuui-MacBookPro.local" tests="9" failures="0" errors="0" skipped="0" time="0.003516375">
        <testcase classname="test/qmd/path-resolver.test.ts" name="handelize &gt; lowercases and replaces spaces with hyphens" time="0.001385041">
        </testcase>
        <testcase classname="test/qmd/path-resolver.test.ts" name="handelize &gt; handles numbered folders with dots and spaces" time="0.000223">
        </testcase>
        <testcase classname="test/qmd/path-resolver.test.ts" name="handelize &gt; handles hyphens and special characters in filenames" time="0.000070166">
        </testcase>
        <testcase classname="test/qmd/path-resolver.test.ts" name="handelize &gt; handles dots within filenames (not just extension)" time="0.000059625">
        </testcase>
        <testcase classname="test/qmd/path-resolver.test.ts" name="handelize &gt; preserves Korean characters" time="0.000558417">
        </testcase>
        <testcase classname="test/qmd/path-resolver.test.ts" name="handelize &gt; preserves .md extension" time="0.000063666">
        </testcase>
        <testcase classname="test/qmd/path-resolver.test.ts" name="VaultPathResolver &gt; resolves slugified paths to real vault paths" time="0.000163708">
        </testcase>
        <testcase classname="test/qmd/path-resolver.test.ts" name="VaultPathResolver &gt; returns null for unknown paths" time="0.000058875">
        </testcase>
        <testcase classname="test/qmd/path-resolver.test.ts" name="VaultPathResolver &gt; respects dirty flag for lazy rebuild" time="0.000202875">
        </testcase>
    </testsuite>
    <testsuite name="test/qmd/query-builder.test.ts" timestamp="2026-03-20T05:30:34.942Z" hostname="Beomsuui-MacBookPro.local" tests="5" failures="0" errors="0" skipped="0" time="0.002576541">
        <testcase classname="test/qmd/query-builder.test.ts" name="related query builder &gt; extracts related-query source from file content and metadata" time="0.001224">
        </testcase>
        <testcase classname="test/qmd/query-builder.test.ts" name="related query builder &gt; builds a structured qmd query document with intent, lex, vec, and hyde" time="0.000308666">
        </testcase>
        <testcase classname="test/qmd/query-builder.test.ts" name="related query builder &gt; handles source with no tags or headings" time="0.000170167">
        </testcase>
        <testcase classname="test/qmd/query-builder.test.ts" name="related query builder &gt; strips negation operators from vec and hyde lines" time="0.000176333">
        </testcase>
        <testcase classname="test/qmd/query-builder.test.ts" name="related query builder &gt; limits topic terms in intent to 3" time="0.000076875">
        </testcase>
    </testsuite>
    <testsuite name="test/tooling/sync-to-plugins.test.ts" timestamp="2026-03-20T05:30:34.942Z" hostname="Beomsuui-MacBookPro.local" tests="5" failures="0" errors="0" skipped="0" time="0.023534375">
        <testcase classname="test/tooling/sync-to-plugins.test.ts" name="tooling sync &gt; renders CI workflow with optional test result publishing" time="0.00075875">
        </testcase>
        <testcase classname="test/tooling/sync-to-plugins.test.ts" name="tooling sync &gt; renders release workflow from repo config" time="0.000227083">
        </testcase>
        <testcase classname="test/tooling/sync-to-plugins.test.ts" name="tooling sync &gt; reports missing required config keys" time="0.010045084">
        </testcase>
        <testcase classname="test/tooling/sync-to-plugins.test.ts" name="tooling sync &gt; supports dry-run without writing files" time="0.0063215">
        </testcase>
        <testcase classname="test/tooling/sync-to-plugins.test.ts" name="tooling sync &gt; writes synced files and removes legacy dev config" time="0.005599834">
        </testcase>
    </testsuite>
</testsuites>
